{"D:\\HOME\\js\\myapp\\Student.js":{"path":"D:\\HOME\\js\\myapp\\Student.js","s":{"1":1,"2":3,"3":3,"4":3,"5":3,"6":0,"7":1,"8":1},"b":{},"f":{"1":3,"2":0,"3":1},"fnMap":{"1":{"name":"(anonymous_1)","line":1,"loc":{"start":{"line":1,"column":17},"end":{"line":1,"column":39}}},"2":{"name":"(anonymous_2)","line":5,"loc":{"start":{"line":5,"column":17},"end":{"line":5,"column":27}}},"3":{"name":"(anonymous_3)","line":10,"loc":{"start":{"line":10,"column":22},"end":{"line":10,"column":32}}}},"statementMap":{"1":{"start":{"line":1,"column":0},"end":{"line":8,"column":1}},"2":{"start":{"line":2,"column":4},"end":{"line":2,"column":21}},"3":{"start":{"line":3,"column":4},"end":{"line":3,"column":19}},"4":{"start":{"line":4,"column":4},"end":{"line":4,"column":19}},"5":{"start":{"line":5,"column":4},"end":{"line":7,"column":5}},"6":{"start":{"line":6,"column":8},"end":{"line":6,"column":54}},"7":{"start":{"line":10,"column":0},"end":{"line":12,"column":1}},"8":{"start":{"line":11,"column":4},"end":{"line":11,"column":37}}},"branchMap":{}}}